{"C:\\Users\\kumar\\Downloads\\XOXO\\FullStackAssignment\\packages\\ollivelogs-js\\src\\client.ts": {"path":"C:\\Users\\kumar\\Downloads\\XOXO\\FullStackAssignment\\packages\\ollivelogs-js\\src\\client.ts","all":false,"statementMap":{"0":{"start":{"line":1,"column":0},"end":{"line":1,"column":48}},"11":{"start":{"line":12,"column":0},"end":{"line":12,"column":53}},"13":{"start":{"line":14,"column":0},"end":{"line":14,"column":25}},"14":{"start":{"line":15,"column":0},"end":{"line":15,"column":36}},"15":{"start":{"line":16,"column":0},"end":{"line":16,"column":38}},"16":{"start":{"line":17,"column":0},"end":{"line":17,"column":38}},"17":{"start":{"line":18,"column":0},"end":{"line":18,"column":69}},"18":{"start":{"line":19,"column":0},"end":{"line":19,"column":48}},"20":{"start":{"line":21,"column":0},"end":{"line":21,"column":43}},"21":{"start":{"line":22,"column":0},"end":{"line":22,"column":37}},"22":{"start":{"line":23,"column":0},"end":{"line":23,"column":52}},"23":{"start":{"line":24,"column":0},"end":{"line":24,"column":53}},"24":{"start":{"line":25,"column":0},"end":{"line":25,"column":49}},"25":{"start":{"line":26,"column":0},"end":{"line":26,"column":44}},"26":{"start":{"line":27,"column":0},"end":{"line":27,"column":30}},"27":{"start":{"line":28,"column":0},"end":{"line":28,"column":41}},"28":{"start":{"line":29,"column":0},"end":{"line":29,"column":54}},"29":{"start":{"line":30,"column":0},"end":{"line":30,"column":41}},"30":{"start":{"line":31,"column":0},"end":{"line":31,"column":42}},"31":{"start":{"line":32,"column":0},"end":{"line":32,"column":49}},"32":{"start":{"line":33,"column":0},"end":{"line":33,"column":60}},"33":{"start":{"line":34,"column":0},"end":{"line":34,"column":7}},"34":{"start":{"line":35,"column":0},"end":{"line":35,"column":88}},"35":{"start":{"line":36,"column":0},"end":{"line":36,"column":3}},"37":{"start":{"line":38,"column":0},"end":{"line":38,"column":31}},"38":{"start":{"line":39,"column":0},"end":{"line":39,"column":38}},"39":{"start":{"line":40,"column":0},"end":{"line":40,"column":3}},"41":{"start":{"line":42,"column":0},"end":{"line":42,"column":73}},"42":{"start":{"line":43,"column":0},"end":{"line":43,"column":48}},"43":{"start":{"line":44,"column":0},"end":{"line":44,"column":3}},"45":{"start":{"line":46,"column":0},"end":{"line":46,"column":80}},"46":{"start":{"line":47,"column":0},"end":{"line":47,"column":50}},"47":{"start":{"line":48,"column":0},"end":{"line":48,"column":87}},"48":{"start":{"line":49,"column":0},"end":{"line":49,"column":59}},"49":{"start":{"line":50,"column":0},"end":{"line":50,"column":42}},"50":{"start":{"line":51,"column":0},"end":{"line":51,"column":59}},"52":{"start":{"line":53,"column":0},"end":{"line":53,"column":11}},"53":{"start":{"line":54,"column":0},"end":{"line":54,"column":54}},"54":{"start":{"line":55,"column":0},"end":{"line":55,"column":75}},"55":{"start":{"line":56,"column":0},"end":{"line":56,"column":29}},"56":{"start":{"line":57,"column":0},"end":{"line":57,"column":27}},"57":{"start":{"line":58,"column":0},"end":{"line":58,"column":37}},"58":{"start":{"line":59,"column":0},"end":{"line":59,"column":58}},"59":{"start":{"line":60,"column":0},"end":{"line":60,"column":56}},"60":{"start":{"line":61,"column":0},"end":{"line":61,"column":44}},"61":{"start":{"line":62,"column":0},"end":{"line":62,"column":28}},"62":{"start":{"line":63,"column":0},"end":{"line":63,"column":26}},"63":{"start":{"line":64,"column":0},"end":{"line":64,"column":30}},"64":{"start":{"line":65,"column":0},"end":{"line":65,"column":28}},"65":{"start":{"line":66,"column":0},"end":{"line":66,"column":28}},"66":{"start":{"line":67,"column":0},"end":{"line":67,"column":32}},"67":{"start":{"line":68,"column":0},"end":{"line":68,"column":27}},"68":{"start":{"line":69,"column":0},"end":{"line":69,"column":81}},"69":{"start":{"line":70,"column":0},"end":{"line":70,"column":49}},"70":{"start":{"line":71,"column":0},"end":{"line":71,"column":44}},"71":{"start":{"line":72,"column":0},"end":{"line":72,"column":30}},"72":{"start":{"line":73,"column":0},"end":{"line":73,"column":20}},"73":{"start":{"line":74,"column":0},"end":{"line":74,"column":17}},"74":{"start":{"line":75,"column":0},"end":{"line":75,"column":37}},"75":{"start":{"line":76,"column":0},"end":{"line":76,"column":90}},"76":{"start":{"line":77,"column":0},"end":{"line":77,"column":18}},"77":{"start":{"line":78,"column":0},"end":{"line":78,"column":20}},"78":{"start":{"line":79,"column":0},"end":{"line":79,"column":40}},"79":{"start":{"line":80,"column":0},"end":{"line":80,"column":37}},"80":{"start":{"line":81,"column":0},"end":{"line":81,"column":31}},"81":{"start":{"line":82,"column":0},"end":{"line":82,"column":47}},"82":{"start":{"line":83,"column":0},"end":{"line":83,"column":14}},"83":{"start":{"line":84,"column":0},"end":{"line":84,"column":13}},"84":{"start":{"line":85,"column":0},"end":{"line":85,"column":10}},"85":{"start":{"line":86,"column":0},"end":{"line":86,"column":24}},"86":{"start":{"line":87,"column":0},"end":{"line":87,"column":32}},"87":{"start":{"line":88,"column":0},"end":{"line":88,"column":29}},"88":{"start":{"line":89,"column":0},"end":{"line":89,"column":27}},"89":{"start":{"line":90,"column":0},"end":{"line":90,"column":37}},"90":{"start":{"line":91,"column":0},"end":{"line":91,"column":58}},"91":{"start":{"line":92,"column":0},"end":{"line":92,"column":56}},"92":{"start":{"line":93,"column":0},"end":{"line":93,"column":44}},"93":{"start":{"line":94,"column":0},"end":{"line":94,"column":32}},"94":{"start":{"line":95,"column":0},"end":{"line":95,"column":26}},"95":{"start":{"line":96,"column":0},"end":{"line":96,"column":30}},"96":{"start":{"line":97,"column":0},"end":{"line":97,"column":28}},"97":{"start":{"line":98,"column":0},"end":{"line":98,"column":28}},"98":{"start":{"line":99,"column":0},"end":{"line":99,"column":32}},"99":{"start":{"line":100,"column":0},"end":{"line":100,"column":27}},"100":{"start":{"line":101,"column":0},"end":{"line":101,"column":31}},"101":{"start":{"line":102,"column":0},"end":{"line":102,"column":28}},"102":{"start":{"line":103,"column":0},"end":{"line":103,"column":44}},"103":{"start":{"line":104,"column":0},"end":{"line":104,"column":41}},"104":{"start":{"line":105,"column":0},"end":{"line":105,"column":20}},"105":{"start":{"line":106,"column":0},"end":{"line":106,"column":40}},"106":{"start":{"line":107,"column":0},"end":{"line":107,"column":37}},"107":{"start":{"line":108,"column":0},"end":{"line":108,"column":31}},"108":{"start":{"line":109,"column":0},"end":{"line":109,"column":14}},"109":{"start":{"line":110,"column":0},"end":{"line":110,"column":13}},"110":{"start":{"line":111,"column":0},"end":{"line":111,"column":10}},"111":{"start":{"line":112,"column":0},"end":{"line":112,"column":20}},"112":{"start":{"line":113,"column":0},"end":{"line":113,"column":7}},"113":{"start":{"line":114,"column":0},"end":{"line":114,"column":6}},"114":{"start":{"line":115,"column":0},"end":{"line":115,"column":3}},"116":{"start":{"line":117,"column":0},"end":{"line":117,"column":32}},"117":{"start":{"line":118,"column":0},"end":{"line":118,"column":31}},"118":{"start":{"line":119,"column":0},"end":{"line":119,"column":3}},"120":{"start":{"line":121,"column":0},"end":{"line":121,"column":32}},"121":{"start":{"line":122,"column":0},"end":{"line":122,"column":31}},"122":{"start":{"line":123,"column":0},"end":{"line":123,"column":3}},"124":{"start":{"line":125,"column":0},"end":{"line":125,"column":39}},"125":{"start":{"line":126,"column":0},"end":{"line":126,"column":14}},"126":{"start":{"line":127,"column":0},"end":{"line":127,"column":47}},"127":{"start":{"line":128,"column":0},"end":{"line":128,"column":19}},"128":{"start":{"line":129,"column":0},"end":{"line":129,"column":8}},"129":{"start":{"line":130,"column":0},"end":{"line":130,"column":30}},"130":{"start":{"line":131,"column":0},"end":{"line":131,"column":49}},"131":{"start":{"line":132,"column":0},"end":{"line":132,"column":67}},"132":{"start":{"line":133,"column":0},"end":{"line":133,"column":53}},"133":{"start":{"line":134,"column":0},"end":{"line":134,"column":87}},"134":{"start":{"line":135,"column":0},"end":{"line":135,"column":42}},"135":{"start":{"line":136,"column":0},"end":{"line":136,"column":41}},"136":{"start":{"line":137,"column":0},"end":{"line":137,"column":59}},"137":{"start":{"line":138,"column":0},"end":{"line":138,"column":26}},"138":{"start":{"line":139,"column":0},"end":{"line":139,"column":19}},"139":{"start":{"line":140,"column":0},"end":{"line":140,"column":22}},"140":{"start":{"line":141,"column":0},"end":{"line":141,"column":14}},"141":{"start":{"line":142,"column":0},"end":{"line":142,"column":12}},"142":{"start":{"line":143,"column":0},"end":{"line":143,"column":9}},"143":{"start":{"line":144,"column":0},"end":{"line":144,"column":58}},"144":{"start":{"line":145,"column":0},"end":{"line":145,"column":69}},"145":{"start":{"line":146,"column":0},"end":{"line":146,"column":9}},"146":{"start":{"line":147,"column":0},"end":{"line":147,"column":21}},"147":{"start":{"line":148,"column":0},"end":{"line":148,"column":8}},"148":{"start":{"line":149,"column":0},"end":{"line":149,"column":12}},"149":{"start":{"line":150,"column":0},"end":{"line":150,"column":3}},"151":{"start":{"line":152,"column":0},"end":{"line":152,"column":27}},"152":{"start":{"line":153,"column":0},"end":{"line":153,"column":44}},"153":{"start":{"line":154,"column":0},"end":{"line":154,"column":20}},"154":{"start":{"line":155,"column":0},"end":{"line":155,"column":20}},"155":{"start":{"line":156,"column":0},"end":{"line":156,"column":47}},"156":{"start":{"line":157,"column":0},"end":{"line":157,"column":14}},"157":{"start":{"line":158,"column":0},"end":{"line":158,"column":57}},"158":{"start":{"line":159,"column":0},"end":{"line":159,"column":67}},"159":{"start":{"line":160,"column":0},"end":{"line":160,"column":40}},"160":{"start":{"line":161,"column":0},"end":{"line":161,"column":47}},"162":{"start":{"line":163,"column":0},"end":{"line":163,"column":34}},"163":{"start":{"line":164,"column":0},"end":{"line":164,"column":80}},"164":{"start":{"line":165,"column":0},"end":{"line":165,"column":5}},"166":{"start":{"line":167,"column":0},"end":{"line":167,"column":32}},"167":{"start":{"line":168,"column":0},"end":{"line":168,"column":36}},"168":{"start":{"line":169,"column":0},"end":{"line":169,"column":29}},"169":{"start":{"line":170,"column":0},"end":{"line":170,"column":40}},"170":{"start":{"line":171,"column":0},"end":{"line":171,"column":86}},"171":{"start":{"line":172,"column":0},"end":{"line":172,"column":9}},"172":{"start":{"line":173,"column":0},"end":{"line":173,"column":80}},"173":{"start":{"line":174,"column":0},"end":{"line":174,"column":24}},"174":{"start":{"line":175,"column":0},"end":{"line":175,"column":10}},"175":{"start":{"line":176,"column":0},"end":{"line":176,"column":36}},"176":{"start":{"line":177,"column":0},"end":{"line":177,"column":78}},"177":{"start":{"line":178,"column":0},"end":{"line":178,"column":22}},"178":{"start":{"line":179,"column":0},"end":{"line":179,"column":11}},"179":{"start":{"line":180,"column":0},"end":{"line":180,"column":5}},"181":{"start":{"line":182,"column":0},"end":{"line":182,"column":74}},"182":{"start":{"line":183,"column":0},"end":{"line":183,"column":18}},"183":{"start":{"line":184,"column":0},"end":{"line":184,"column":3}},"185":{"start":{"line":186,"column":0},"end":{"line":186,"column":34}},"186":{"start":{"line":187,"column":0},"end":{"line":187,"column":35}},"187":{"start":{"line":188,"column":0},"end":{"line":188,"column":53}},"188":{"start":{"line":189,"column":0},"end":{"line":189,"column":26}},"189":{"start":{"line":190,"column":0},"end":{"line":190,"column":22}},"190":{"start":{"line":191,"column":0},"end":{"line":191,"column":29}},"191":{"start":{"line":192,"column":0},"end":{"line":192,"column":25}},"192":{"start":{"line":193,"column":0},"end":{"line":193,"column":43}},"193":{"start":{"line":194,"column":0},"end":{"line":194,"column":25}},"194":{"start":{"line":195,"column":0},"end":{"line":195,"column":29}},"195":{"start":{"line":196,"column":0},"end":{"line":196,"column":24}},"197":{"start":{"line":198,"column":0},"end":{"line":198,"column":9}},"198":{"start":{"line":199,"column":0},"end":{"line":199,"column":41}},"199":{"start":{"line":200,"column":0},"end":{"line":200,"column":49}},"200":{"start":{"line":201,"column":0},"end":{"line":201,"column":66}},"201":{"start":{"line":202,"column":0},"end":{"line":202,"column":66}},"202":{"start":{"line":203,"column":0},"end":{"line":203,"column":78}},"203":{"start":{"line":204,"column":0},"end":{"line":204,"column":63}},"204":{"start":{"line":205,"column":0},"end":{"line":205,"column":20}},"205":{"start":{"line":206,"column":0},"end":{"line":206,"column":7}},"207":{"start":{"line":208,"column":0},"end":{"line":208,"column":27}},"208":{"start":{"line":209,"column":0},"end":{"line":209,"column":25}},"209":{"start":{"line":210,"column":0},"end":{"line":210,"column":18}},"210":{"start":{"line":211,"column":0},"end":{"line":211,"column":49}},"211":{"start":{"line":212,"column":0},"end":{"line":212,"column":62}},"212":{"start":{"line":213,"column":0},"end":{"line":213,"column":68}},"213":{"start":{"line":214,"column":0},"end":{"line":214,"column":49}},"214":{"start":{"line":215,"column":0},"end":{"line":215,"column":42}},"215":{"start":{"line":216,"column":0},"end":{"line":216,"column":52}},"216":{"start":{"line":217,"column":0},"end":{"line":217,"column":83}},"217":{"start":{"line":218,"column":0},"end":{"line":218,"column":23}},"218":{"start":{"line":219,"column":0},"end":{"line":219,"column":27}},"219":{"start":{"line":220,"column":0},"end":{"line":220,"column":70}},"220":{"start":{"line":221,"column":0},"end":{"line":221,"column":23}},"221":{"start":{"line":222,"column":0},"end":{"line":222,"column":23}},"222":{"start":{"line":223,"column":0},"end":{"line":223,"column":42}},"223":{"start":{"line":224,"column":0},"end":{"line":224,"column":22}},"224":{"start":{"line":225,"column":0},"end":{"line":225,"column":18}},"225":{"start":{"line":226,"column":0},"end":{"line":226,"column":48}},"226":{"start":{"line":227,"column":0},"end":{"line":227,"column":12}},"227":{"start":{"line":228,"column":0},"end":{"line":228,"column":11}},"228":{"start":{"line":229,"column":0},"end":{"line":229,"column":8}},"229":{"start":{"line":230,"column":0},"end":{"line":230,"column":30}},"230":{"start":{"line":231,"column":0},"end":{"line":231,"column":66}},"231":{"start":{"line":232,"column":0},"end":{"line":232,"column":18}},"232":{"start":{"line":233,"column":0},"end":{"line":233,"column":5}},"233":{"start":{"line":234,"column":0},"end":{"line":234,"column":3}},"235":{"start":{"line":236,"column":0},"end":{"line":236,"column":30}},"236":{"start":{"line":237,"column":0},"end":{"line":237,"column":20}},"237":{"start":{"line":238,"column":0},"end":{"line":238,"column":53}},"238":{"start":{"line":239,"column":0},"end":{"line":239,"column":26}},"239":{"start":{"line":240,"column":0},"end":{"line":240,"column":22}},"240":{"start":{"line":241,"column":0},"end":{"line":241,"column":11}},"241":{"start":{"line":242,"column":0},"end":{"line":242,"column":67}},"242":{"start":{"line":243,"column":0},"end":{"line":243,"column":61}},"243":{"start":{"line":244,"column":0},"end":{"line":244,"column":69}},"244":{"start":{"line":245,"column":0},"end":{"line":245,"column":23}},"245":{"start":{"line":246,"column":0},"end":{"line":246,"column":71}},"246":{"start":{"line":247,"column":0},"end":{"line":247,"column":25}},"247":{"start":{"line":248,"column":0},"end":{"line":248,"column":23}},"248":{"start":{"line":249,"column":0},"end":{"line":249,"column":16}},"249":{"start":{"line":250,"column":0},"end":{"line":250,"column":47}},"250":{"start":{"line":251,"column":0},"end":{"line":251,"column":60}},"251":{"start":{"line":252,"column":0},"end":{"line":252,"column":66}},"252":{"start":{"line":253,"column":0},"end":{"line":253,"column":65}},"253":{"start":{"line":254,"column":0},"end":{"line":254,"column":41}},"254":{"start":{"line":255,"column":0},"end":{"line":255,"column":50}},"255":{"start":{"line":256,"column":0},"end":{"line":256,"column":81}},"256":{"start":{"line":257,"column":0},"end":{"line":257,"column":21}},"257":{"start":{"line":258,"column":0},"end":{"line":258,"column":25}},"258":{"start":{"line":259,"column":0},"end":{"line":259,"column":20}},"259":{"start":{"line":260,"column":0},"end":{"line":260,"column":52}},"260":{"start":{"line":261,"column":0},"end":{"line":261,"column":21}},"261":{"start":{"line":262,"column":0},"end":{"line":262,"column":40}},"262":{"start":{"line":263,"column":0},"end":{"line":263,"column":20}},"263":{"start":{"line":264,"column":0},"end":{"line":264,"column":16}},"264":{"start":{"line":265,"column":0},"end":{"line":265,"column":39}},"265":{"start":{"line":266,"column":0},"end":{"line":266,"column":10}},"266":{"start":{"line":267,"column":0},"end":{"line":267,"column":9}},"267":{"start":{"line":268,"column":0},"end":{"line":268,"column":6}},"268":{"start":{"line":269,"column":0},"end":{"line":269,"column":3}},"270":{"start":{"line":271,"column":0},"end":{"line":271,"column":29}},"271":{"start":{"line":272,"column":0},"end":{"line":272,"column":19}},"272":{"start":{"line":273,"column":0},"end":{"line":273,"column":53}},"273":{"start":{"line":274,"column":0},"end":{"line":274,"column":26}},"274":{"start":{"line":275,"column":0},"end":{"line":275,"column":22}},"275":{"start":{"line":276,"column":0},"end":{"line":276,"column":11}},"276":{"start":{"line":277,"column":0},"end":{"line":277,"column":25}},"277":{"start":{"line":278,"column":0},"end":{"line":278,"column":23}},"278":{"start":{"line":279,"column":0},"end":{"line":279,"column":16}},"279":{"start":{"line":280,"column":0},"end":{"line":280,"column":47}},"280":{"start":{"line":281,"column":0},"end":{"line":281,"column":60}},"281":{"start":{"line":282,"column":0},"end":{"line":282,"column":66}},"282":{"start":{"line":283,"column":0},"end":{"line":283,"column":28}},"283":{"start":{"line":284,"column":0},"end":{"line":284,"column":41}},"284":{"start":{"line":285,"column":0},"end":{"line":285,"column":50}},"285":{"start":{"line":286,"column":0},"end":{"line":286,"column":81}},"286":{"start":{"line":287,"column":0},"end":{"line":287,"column":24}},"287":{"start":{"line":288,"column":0},"end":{"line":288,"column":28}},"288":{"start":{"line":289,"column":0},"end":{"line":289,"column":23}},"289":{"start":{"line":290,"column":0},"end":{"line":290,"column":27}},"290":{"start":{"line":291,"column":0},"end":{"line":291,"column":24}},"291":{"start":{"line":292,"column":0},"end":{"line":292,"column":40}},"292":{"start":{"line":293,"column":0},"end":{"line":293,"column":37}},"293":{"start":{"line":294,"column":0},"end":{"line":294,"column":16}},"294":{"start":{"line":295,"column":0},"end":{"line":295,"column":39}},"295":{"start":{"line":296,"column":0},"end":{"line":296,"column":10}},"296":{"start":{"line":297,"column":0},"end":{"line":297,"column":9}},"297":{"start":{"line":298,"column":0},"end":{"line":298,"column":6}},"298":{"start":{"line":299,"column":0},"end":{"line":299,"column":3}},"300":{"start":{"line":301,"column":0},"end":{"line":301,"column":73}},"301":{"start":{"line":302,"column":0},"end":{"line":302,"column":43}},"302":{"start":{"line":303,"column":0},"end":{"line":303,"column":29}},"303":{"start":{"line":304,"column":0},"end":{"line":304,"column":17}},"304":{"start":{"line":305,"column":0},"end":{"line":305,"column":6}},"305":{"start":{"line":306,"column":0},"end":{"line":306,"column":49}},"306":{"start":{"line":307,"column":0},"end":{"line":307,"column":71}},"307":{"start":{"line":308,"column":0},"end":{"line":308,"column":98}},"308":{"start":{"line":309,"column":0},"end":{"line":309,"column":5}},"309":{"start":{"line":310,"column":0},"end":{"line":310,"column":54}},"310":{"start":{"line":311,"column":0},"end":{"line":311,"column":38}},"311":{"start":{"line":312,"column":0},"end":{"line":312,"column":38}},"312":{"start":{"line":313,"column":0},"end":{"line":313,"column":5}},"313":{"start":{"line":314,"column":0},"end":{"line":314,"column":40}},"314":{"start":{"line":315,"column":0},"end":{"line":315,"column":42}},"315":{"start":{"line":316,"column":0},"end":{"line":316,"column":5}},"316":{"start":{"line":317,"column":0},"end":{"line":317,"column":37}},"317":{"start":{"line":318,"column":0},"end":{"line":318,"column":36}},"318":{"start":{"line":319,"column":0},"end":{"line":319,"column":5}},"319":{"start":{"line":320,"column":0},"end":{"line":320,"column":42}},"320":{"start":{"line":321,"column":0},"end":{"line":321,"column":46}},"321":{"start":{"line":322,"column":0},"end":{"line":322,"column":5}},"322":{"start":{"line":323,"column":0},"end":{"line":323,"column":20}},"323":{"start":{"line":324,"column":0},"end":{"line":324,"column":3}},"325":{"start":{"line":326,"column":0},"end":{"line":326,"column":28}},"342":{"start":{"line":343,"column":0},"end":{"line":343,"column":22}},"343":{"start":{"line":344,"column":0},"end":{"line":344,"column":12}},"344":{"start":{"line":345,"column":0},"end":{"line":345,"column":36}},"345":{"start":{"line":346,"column":0},"end":{"line":346,"column":30}},"346":{"start":{"line":347,"column":0},"end":{"line":347,"column":35}},"347":{"start":{"line":348,"column":0},"end":{"line":348,"column":51}},"348":{"start":{"line":349,"column":0},"end":{"line":349,"column":43}},"349":{"start":{"line":350,"column":0},"end":{"line":350,"column":57}},"350":{"start":{"line":351,"column":0},"end":{"line":351,"column":35}},"351":{"start":{"line":352,"column":0},"end":{"line":352,"column":30}},"352":{"start":{"line":353,"column":0},"end":{"line":353,"column":24}},"353":{"start":{"line":354,"column":0},"end":{"line":354,"column":16}},"354":{"start":{"line":355,"column":0},"end":{"line":355,"column":64}},"355":{"start":{"line":356,"column":0},"end":{"line":356,"column":28}},"356":{"start":{"line":357,"column":0},"end":{"line":357,"column":38}},"357":{"start":{"line":358,"column":0},"end":{"line":358,"column":35}},"358":{"start":{"line":359,"column":0},"end":{"line":359,"column":8}},"359":{"start":{"line":360,"column":0},"end":{"line":360,"column":17}},"360":{"start":{"line":361,"column":0},"end":{"line":361,"column":61}},"361":{"start":{"line":362,"column":0},"end":{"line":362,"column":41}},"362":{"start":{"line":363,"column":0},"end":{"line":363,"column":8}},"363":{"start":{"line":364,"column":0},"end":{"line":364,"column":14}},"364":{"start":{"line":365,"column":0},"end":{"line":365,"column":41}},"365":{"start":{"line":366,"column":0},"end":{"line":366,"column":49}},"366":{"start":{"line":367,"column":0},"end":{"line":367,"column":39}},"367":{"start":{"line":368,"column":0},"end":{"line":368,"column":8}},"368":{"start":{"line":369,"column":0},"end":{"line":369,"column":15}},"369":{"start":{"line":370,"column":0},"end":{"line":370,"column":35}},"370":{"start":{"line":371,"column":0},"end":{"line":371,"column":19}},"371":{"start":{"line":372,"column":0},"end":{"line":372,"column":8}},"372":{"start":{"line":373,"column":0},"end":{"line":373,"column":26}},"373":{"start":{"line":374,"column":0},"end":{"line":374,"column":24}},"374":{"start":{"line":375,"column":0},"end":{"line":375,"column":18}},"375":{"start":{"line":376,"column":0},"end":{"line":376,"column":80}},"376":{"start":{"line":377,"column":0},"end":{"line":377,"column":24}},"377":{"start":{"line":378,"column":0},"end":{"line":378,"column":6}},"378":{"start":{"line":379,"column":0},"end":{"line":379,"column":3}},"379":{"start":{"line":380,"column":0},"end":{"line":380,"column":1}},"381":{"start":{"line":382,"column":0},"end":{"line":382,"column":32}},"382":{"start":{"line":383,"column":0},"end":{"line":383,"column":91}},"383":{"start":{"line":384,"column":0},"end":{"line":384,"column":31}},"384":{"start":{"line":385,"column":0},"end":{"line":385,"column":9}},"385":{"start":{"line":386,"column":0},"end":{"line":386,"column":35}},"386":{"start":{"line":387,"column":0},"end":{"line":387,"column":11}},"387":{"start":{"line":388,"column":0},"end":{"line":388,"column":3}},"388":{"start":{"line":389,"column":0},"end":{"line":389,"column":29}},"389":{"start":{"line":390,"column":0},"end":{"line":390,"column":30}},"390":{"start":{"line":391,"column":0},"end":{"line":391,"column":4}},"391":{"start":{"line":392,"column":0},"end":{"line":392,"column":51}},"392":{"start":{"line":393,"column":0},"end":{"line":393,"column":55}},"393":{"start":{"line":394,"column":0},"end":{"line":394,"column":1}},"395":{"start":{"line":396,"column":0},"end":{"line":396,"column":36}},"396":{"start":{"line":397,"column":0},"end":{"line":397,"column":36}},"397":{"start":{"line":398,"column":0},"end":{"line":398,"column":107}},"398":{"start":{"line":399,"column":0},"end":{"line":399,"column":3}},"399":{"start":{"line":400,"column":0},"end":{"line":400,"column":32}},"400":{"start":{"line":401,"column":0},"end":{"line":401,"column":1}},"402":{"start":{"line":403,"column":0},"end":{"line":403,"column":58}},"403":{"start":{"line":404,"column":0},"end":{"line":404,"column":75}},"404":{"start":{"line":405,"column":0},"end":{"line":405,"column":96}},"405":{"start":{"line":406,"column":0},"end":{"line":406,"column":66}},"406":{"start":{"line":407,"column":0},"end":{"line":407,"column":3}},"407":{"start":{"line":408,"column":0},"end":{"line":408,"column":19}},"408":{"start":{"line":409,"column":0},"end":{"line":409,"column":1}},"410":{"start":{"line":411,"column":0},"end":{"line":411,"column":108}},"411":{"start":{"line":412,"column":0},"end":{"line":412,"column":58}},"412":{"start":{"line":413,"column":0},"end":{"line":413,"column":22}},"413":{"start":{"line":414,"column":0},"end":{"line":414,"column":3}},"414":{"start":{"line":415,"column":0},"end":{"line":415,"column":19}},"415":{"start":{"line":416,"column":0},"end":{"line":416,"column":1}},"417":{"start":{"line":418,"column":0},"end":{"line":418,"column":33}},"418":{"start":{"line":419,"column":0},"end":{"line":419,"column":27}},"419":{"start":{"line":420,"column":0},"end":{"line":420,"column":21}},"420":{"start":{"line":421,"column":0},"end":{"line":421,"column":62}},"421":{"start":{"line":422,"column":0},"end":{"line":422,"column":83}},"422":{"start":{"line":423,"column":0},"end":{"line":423,"column":102}},"423":{"start":{"line":424,"column":0},"end":{"line":424,"column":57}},"424":{"start":{"line":425,"column":0},"end":{"line":425,"column":10}},"425":{"start":{"line":426,"column":0},"end":{"line":426,"column":11}},"426":{"start":{"line":427,"column":0},"end":{"line":427,"column":8}},"427":{"start":{"line":428,"column":0},"end":{"line":428,"column":77}},"428":{"start":{"line":429,"column":0},"end":{"line":429,"column":4}},"429":{"start":{"line":430,"column":0},"end":{"line":430,"column":1}},"431":{"start":{"line":432,"column":0},"end":{"line":432,"column":95}},"432":{"start":{"line":433,"column":0},"end":{"line":433,"column":39}},"433":{"start":{"line":434,"column":0},"end":{"line":434,"column":21}},"434":{"start":{"line":435,"column":0},"end":{"line":435,"column":3}},"435":{"start":{"line":436,"column":0},"end":{"line":436,"column":46}},"436":{"start":{"line":437,"column":0},"end":{"line":437,"column":32}},"437":{"start":{"line":438,"column":0},"end":{"line":438,"column":3}},"438":{"start":{"line":439,"column":0},"end":{"line":439,"column":33}},"439":{"start":{"line":440,"column":0},"end":{"line":440,"column":9}},"440":{"start":{"line":441,"column":0},"end":{"line":441,"column":40}},"441":{"start":{"line":442,"column":0},"end":{"line":442,"column":13}},"442":{"start":{"line":443,"column":0},"end":{"line":443,"column":16}},"443":{"start":{"line":444,"column":0},"end":{"line":444,"column":5}},"444":{"start":{"line":445,"column":0},"end":{"line":445,"column":3}},"445":{"start":{"line":446,"column":0},"end":{"line":446,"column":12}},"446":{"start":{"line":447,"column":0},"end":{"line":447,"column":1}},"448":{"start":{"line":449,"column":0},"end":{"line":449,"column":70}},"449":{"start":{"line":450,"column":0},"end":{"line":450,"column":7}},"450":{"start":{"line":451,"column":0},"end":{"line":451,"column":41}},"451":{"start":{"line":452,"column":0},"end":{"line":452,"column":11}},"452":{"start":{"line":453,"column":0},"end":{"line":453,"column":14}},"453":{"start":{"line":454,"column":0},"end":{"line":454,"column":3}},"454":{"start":{"line":455,"column":0},"end":{"line":455,"column":1}},"456":{"start":{"line":457,"column":0},"end":{"line":457,"column":71}},"457":{"start":{"line":458,"column":0},"end":{"line":458,"column":108}},"458":{"start":{"line":459,"column":0},"end":{"line":459,"column":1}},"460":{"start":{"line":461,"column":0},"end":{"line":461,"column":75}},"461":{"start":{"line":462,"column":0},"end":{"line":462,"column":86}},"462":{"start":{"line":463,"column":0},"end":{"line":463,"column":1}},"464":{"start":{"line":465,"column":0},"end":{"line":465,"column":80}},"465":{"start":{"line":466,"column":0},"end":{"line":466,"column":53}},"466":{"start":{"line":467,"column":0},"end":{"line":467,"column":1}},"468":{"start":{"line":469,"column":0},"end":{"line":469,"column":82}},"469":{"start":{"line":470,"column":0},"end":{"line":470,"column":53}},"470":{"start":{"line":471,"column":0},"end":{"line":471,"column":1}},"472":{"start":{"line":473,"column":0},"end":{"line":473,"column":92}},"473":{"start":{"line":474,"column":0},"end":{"line":474,"column":31}},"474":{"start":{"line":475,"column":0},"end":{"line":475,"column":14}},"475":{"start":{"line":476,"column":0},"end":{"line":476,"column":3}},"476":{"start":{"line":477,"column":0},"end":{"line":477,"column":29}},"477":{"start":{"line":478,"column":0},"end":{"line":478,"column":35}},"478":{"start":{"line":479,"column":0},"end":{"line":479,"column":40}},"479":{"start":{"line":480,"column":0},"end":{"line":480,"column":46}},"480":{"start":{"line":481,"column":0},"end":{"line":481,"column":48}},"481":{"start":{"line":482,"column":0},"end":{"line":482,"column":15}},"482":{"start":{"line":483,"column":0},"end":{"line":483,"column":5}},"483":{"start":{"line":484,"column":0},"end":{"line":484,"column":41}},"484":{"start":{"line":485,"column":0},"end":{"line":485,"column":36}},"485":{"start":{"line":486,"column":0},"end":{"line":486,"column":41}},"486":{"start":{"line":487,"column":0},"end":{"line":487,"column":38}},"487":{"start":{"line":488,"column":0},"end":{"line":488,"column":18}},"488":{"start":{"line":489,"column":0},"end":{"line":489,"column":26}},"489":{"start":{"line":490,"column":0},"end":{"line":490,"column":41}},"490":{"start":{"line":491,"column":0},"end":{"line":491,"column":7}},"491":{"start":{"line":492,"column":0},"end":{"line":492,"column":5}},"492":{"start":{"line":493,"column":0},"end":{"line":493,"column":3}},"493":{"start":{"line":494,"column":0},"end":{"line":494,"column":26}},"494":{"start":{"line":495,"column":0},"end":{"line":495,"column":1}},"496":{"start":{"line":497,"column":0},"end":{"line":497,"column":90}},"497":{"start":{"line":498,"column":0},"end":{"line":498,"column":59}},"498":{"start":{"line":499,"column":0},"end":{"line":499,"column":36}},"499":{"start":{"line":500,"column":0},"end":{"line":500,"column":19}},"500":{"start":{"line":501,"column":0},"end":{"line":501,"column":3}},"501":{"start":{"line":502,"column":0},"end":{"line":502,"column":31}},"502":{"start":{"line":503,"column":0},"end":{"line":503,"column":59}},"503":{"start":{"line":504,"column":0},"end":{"line":504,"column":3}},"504":{"start":{"line":505,"column":0},"end":{"line":505,"column":12}},"505":{"start":{"line":506,"column":0},"end":{"line":506,"column":1}},"507":{"start":{"line":508,"column":0},"end":{"line":508,"column":53}},"508":{"start":{"line":509,"column":0},"end":{"line":509,"column":33}},"509":{"start":{"line":510,"column":0},"end":{"line":510,"column":14}},"510":{"start":{"line":511,"column":0},"end":{"line":511,"column":3}},"511":{"start":{"line":512,"column":0},"end":{"line":512,"column":53}},"512":{"start":{"line":513,"column":0},"end":{"line":513,"column":36}},"513":{"start":{"line":514,"column":0},"end":{"line":514,"column":19}},"514":{"start":{"line":515,"column":0},"end":{"line":515,"column":3}},"515":{"start":{"line":516,"column":0},"end":{"line":516,"column":31}},"516":{"start":{"line":517,"column":0},"end":{"line":517,"column":59}},"517":{"start":{"line":518,"column":0},"end":{"line":518,"column":3}},"518":{"start":{"line":519,"column":0},"end":{"line":519,"column":12}},"519":{"start":{"line":520,"column":0},"end":{"line":520,"column":1}},"521":{"start":{"line":522,"column":0},"end":{"line":522,"column":64}},"522":{"start":{"line":523,"column":0},"end":{"line":523,"column":36}},"523":{"start":{"line":524,"column":0},"end":{"line":524,"column":16}},"524":{"start":{"line":525,"column":0},"end":{"line":525,"column":3}},"525":{"start":{"line":526,"column":0},"end":{"line":526,"column":54}},"526":{"start":{"line":527,"column":0},"end":{"line":527,"column":1}},"528":{"start":{"line":529,"column":0},"end":{"line":529,"column":69}},"529":{"start":{"line":530,"column":0},"end":{"line":530,"column":36}},"530":{"start":{"line":531,"column":0},"end":{"line":531,"column":21}},"531":{"start":{"line":532,"column":0},"end":{"line":532,"column":3}},"532":{"start":{"line":533,"column":0},"end":{"line":533,"column":39}},"533":{"start":{"line":534,"column":0},"end":{"line":534,"column":1}},"535":{"start":{"line":536,"column":0},"end":{"line":536,"column":73}},"536":{"start":{"line":537,"column":0},"end":{"line":537,"column":36}},"537":{"start":{"line":538,"column":0},"end":{"line":538,"column":21}},"538":{"start":{"line":539,"column":0},"end":{"line":539,"column":3}},"539":{"start":{"line":540,"column":0},"end":{"line":540,"column":43}},"540":{"start":{"line":541,"column":0},"end":{"line":541,"column":1}},"542":{"start":{"line":543,"column":0},"end":{"line":543,"column":68}},"543":{"start":{"line":544,"column":0},"end":{"line":544,"column":36}},"544":{"start":{"line":545,"column":0},"end":{"line":545,"column":21}},"545":{"start":{"line":546,"column":0},"end":{"line":546,"column":3}},"546":{"start":{"line":547,"column":0},"end":{"line":547,"column":38}},"547":{"start":{"line":548,"column":0},"end":{"line":548,"column":1}},"549":{"start":{"line":550,"column":0},"end":{"line":550,"column":47}},"550":{"start":{"line":551,"column":0},"end":{"line":551,"column":64}},"551":{"start":{"line":552,"column":0},"end":{"line":552,"column":1}},"553":{"start":{"line":554,"column":0},"end":{"line":554,"column":76}},"554":{"start":{"line":555,"column":0},"end":{"line":555,"column":31}},"555":{"start":{"line":556,"column":0},"end":{"line":556,"column":12}},"556":{"start":{"line":557,"column":0},"end":{"line":557,"column":23}},"557":{"start":{"line":558,"column":0},"end":{"line":558,"column":29}},"558":{"start":{"line":559,"column":0},"end":{"line":559,"column":6}},"559":{"start":{"line":560,"column":0},"end":{"line":560,"column":3}},"560":{"start":{"line":561,"column":0},"end":{"line":561,"column":10}},"561":{"start":{"line":562,"column":0},"end":{"line":562,"column":18}},"562":{"start":{"line":563,"column":0},"end":{"line":563,"column":27}},"563":{"start":{"line":564,"column":0},"end":{"line":564,"column":4}},"564":{"start":{"line":565,"column":0},"end":{"line":565,"column":1}},"566":{"start":{"line":567,"column":0},"end":{"line":567,"column":55}},"567":{"start":{"line":568,"column":0},"end":{"line":568,"column":30}},"568":{"start":{"line":569,"column":0},"end":{"line":569,"column":17}},"569":{"start":{"line":570,"column":0},"end":{"line":570,"column":3}},"570":{"start":{"line":571,"column":0},"end":{"line":571,"column":43}},"571":{"start":{"line":572,"column":0},"end":{"line":572,"column":1}}},"s":{"0":1,"11":1,"13":1,"14":1,"15":3,"16":3,"17":3,"18":3,"20":1,"21":3,"22":3,"23":3,"24":3,"25":3,"26":3,"27":3,"28":3,"29":3,"30":3,"31":3,"32":3,"33":3,"34":3,"35":3,"37":1,"38":0,"39":0,"41":1,"42":1,"43":1,"45":1,"46":2,"47":2,"48":2,"49":2,"50":2,"52":2,"53":2,"54":2,"55":2,"56":2,"57":2,"58":2,"59":2,"60":2,"61":2,"62":2,"63":2,"64":2,"65":2,"66":2,"67":2,"68":2,"69":2,"70":2,"71":2,"72":2,"73":0,"74":0,"75":0,"76":0,"77":2,"78":2,"79":2,"80":2,"81":2,"82":2,"83":2,"84":2,"85":2,"86":2,"87":0,"88":0,"89":0,"90":0,"91":0,"92":0,"93":0,"94":0,"95":0,"96":0,"97":0,"98":0,"99":0,"100":0,"101":0,"102":0,"103":0,"104":0,"105":0,"106":0,"107":0,"108":0,"109":0,"110":0,"111":0,"112":0,"113":2,"114":2,"116":1,"117":2,"118":2,"120":1,"121":3,"122":3,"124":1,"125":3,"126":3,"127":3,"128":3,"129":3,"130":3,"131":3,"132":3,"133":3,"134":1,"135":1,"136":1,"137":1,"138":1,"139":1,"140":1,"141":1,"142":1,"143":3,"144":2,"145":2,"146":0,"147":3,"148":3,"149":3,"151":1,"152":1,"153":1,"154":1,"155":1,"156":1,"157":1,"158":1,"159":1,"160":1,"162":1,"163":0,"164":0,"166":1,"167":1,"168":1,"169":1,"170":0,"171":0,"172":1,"173":1,"174":1,"175":1,"176":0,"177":0,"178":1,"179":1,"181":0,"182":0,"183":1,"185":1,"186":0,"187":0,"188":0,"189":0,"190":0,"191":0,"192":0,"193":0,"194":0,"195":0,"197":0,"198":0,"199":0,"200":0,"201":0,"202":0,"203":0,"204":0,"205":0,"207":0,"208":0,"209":0,"210":0,"211":0,"212":0,"213":0,"214":0,"215":0,"216":0,"217":0,"218":0,"219":0,"220":0,"221":0,"222":0,"223":0,"224":0,"225":0,"226":0,"227":0,"228":0,"229":0,"230":0,"231":0,"232":0,"233":0,"235":1,"236":1,"237":1,"238":1,"239":1,"240":1,"241":1,"242":1,"243":1,"244":1,"245":1,"246":1,"247":1,"248":1,"249":1,"250":1,"251":1,"252":1,"253":1,"254":1,"255":1,"256":1,"257":1,"258":1,"259":1,"260":1,"261":1,"262":1,"263":1,"264":1,"265":1,"266":1,"267":1,"268":1,"270":1,"271":0,"272":0,"273":0,"274":0,"275":0,"276":0,"277":0,"278":0,"279":0,"280":0,"281":0,"282":0,"283":0,"284":0,"285":0,"286":0,"287":0,"288":0,"289":0,"290":0,"291":0,"292":0,"293":0,"294":0,"295":0,"296":0,"297":0,"298":0,"300":1,"301":3,"302":3,"303":3,"304":3,"305":3,"306":3,"307":0,"308":0,"309":3,"310":3,"311":1,"312":1,"313":3,"314":1,"315":1,"316":3,"317":1,"318":1,"319":3,"320":0,"321":0,"322":3,"323":3,"325":1,"342":3,"343":3,"344":3,"345":3,"346":3,"347":3,"348":3,"349":3,"350":3,"351":3,"352":3,"353":3,"354":3,"355":3,"356":3,"357":3,"358":3,"359":3,"360":3,"361":3,"362":3,"363":3,"364":3,"365":3,"366":3,"367":3,"368":3,"369":3,"370":3,"371":3,"372":3,"373":3,"374":3,"375":3,"376":3,"377":3,"378":3,"379":1,"381":3,"382":3,"383":3,"384":3,"385":3,"386":2,"387":2,"388":1,"389":1,"390":1,"391":1,"392":1,"393":1,"395":0,"396":0,"397":0,"398":0,"399":0,"400":0,"402":2,"403":2,"404":2,"405":0,"406":0,"407":2,"408":2,"410":2,"411":2,"412":0,"413":0,"414":2,"415":2,"417":2,"418":2,"419":2,"420":2,"421":2,"422":2,"423":2,"424":2,"425":2,"426":2,"427":2,"428":2,"429":2,"431":2,"432":2,"433":1,"434":1,"435":2,"436":0,"437":0,"438":2,"439":0,"440":0,"441":0,"442":0,"443":0,"444":0,"445":1,"446":1,"448":2,"449":2,"450":2,"451":2,"452":0,"453":0,"454":2,"456":1,"457":1,"458":1,"460":2,"461":2,"462":2,"464":1,"465":1,"466":1,"468":2,"469":2,"470":2,"472":1,"473":1,"474":0,"475":0,"476":1,"477":1,"478":1,"479":1,"480":1,"481":1,"482":1,"483":0,"484":0,"485":0,"486":0,"487":0,"488":0,"489":0,"490":0,"491":0,"492":1,"493":1,"494":1,"496":1,"497":1,"498":1,"499":1,"500":1,"501":0,"502":0,"503":0,"504":0,"505":0,"507":0,"508":0,"509":0,"510":0,"511":0,"512":0,"513":0,"514":0,"515":0,"516":0,"517":0,"518":0,"519":0,"521":1,"522":1,"523":0,"524":0,"525":1,"526":1,"528":0,"529":0,"530":0,"531":0,"532":0,"533":0,"535":0,"536":0,"537":0,"538":0,"539":0,"540":0,"542":0,"543":0,"544":0,"545":0,"546":0,"547":0,"549":3,"550":3,"551":3,"553":0,"554":0,"555":0,"556":0,"557":0,"558":0,"559":0,"560":0,"561":0,"562":0,"563":0,"564":0,"566":11,"567":11,"568":11,"569":11,"570":0,"571":0},"branchMap":{"0":{"type":"branch","line":15,"loc":{"start":{"line":15,"column":19},"end":{"line":19,"column":48}},"locations":[{"start":{"line":15,"column":19},"end":{"line":19,"column":48}}]},"1":{"type":"branch","line":21,"loc":{"start":{"line":21,"column":2},"end":{"line":36,"column":3}},"locations":[{"start":{"line":21,"column":2},"end":{"line":36,"column":3}}]},"2":{"type":"branch","line":28,"loc":{"start":{"line":28,"column":25},"end":{"line":28,"column":41}},"locations":[{"start":{"line":28,"column":25},"end":{"line":28,"column":41}}]},"3":{"type":"branch","line":29,"loc":{"start":{"line":29,"column":31},"end":{"line":29,"column":54}},"locations":[{"start":{"line":29,"column":31},"end":{"line":29,"column":54}}]},"4":{"type":"branch","line":32,"loc":{"start":{"line":32,"column":25},"end":{"line":32,"column":49}},"locations":[{"start":{"line":32,"column":25},"end":{"line":32,"column":49}}]},"5":{"type":"branch","line":33,"loc":{"start":{"line":33,"column":26},"end":{"line":33,"column":60}},"locations":[{"start":{"line":33,"column":26},"end":{"line":33,"column":60}}]},"6":{"type":"branch","line":35,"loc":{"start":{"line":35,"column":35},"end":{"line":35,"column":74}},"locations":[{"start":{"line":35,"column":35},"end":{"line":35,"column":74}}]},"7":{"type":"branch","line":42,"loc":{"start":{"line":42,"column":2},"end":{"line":44,"column":3}},"locations":[{"start":{"line":42,"column":2},"end":{"line":44,"column":3}}]},"8":{"type":"branch","line":46,"loc":{"start":{"line":46,"column":2},"end":{"line":115,"column":3}},"locations":[{"start":{"line":46,"column":2},"end":{"line":115,"column":3}}]},"9":{"type":"branch","line":47,"loc":{"start":{"line":47,"column":22},"end":{"line":47,"column":50}},"locations":[{"start":{"line":47,"column":22},"end":{"line":47,"column":50}}]},"10":{"type":"branch","line":48,"loc":{"start":{"line":48,"column":11},"end":{"line":114,"column":6}},"locations":[{"start":{"line":48,"column":11},"end":{"line":114,"column":6}}]},"11":{"type":"branch","line":59,"loc":{"start":{"line":59,"column":38},"end":{"line":59,"column":58}},"locations":[{"start":{"line":59,"column":38},"end":{"line":59,"column":58}}]},"12":{"type":"branch","line":60,"loc":{"start":{"line":60,"column":35},"end":{"line":60,"column":56}},"locations":[{"start":{"line":60,"column":35},"end":{"line":60,"column":56}}]},"13":{"type":"branch","line":69,"loc":{"start":{"line":69,"column":63},"end":{"line":69,"column":81}},"locations":[{"start":{"line":69,"column":63},"end":{"line":69,"column":81}}]},"14":{"type":"branch","line":70,"loc":{"start":{"line":70,"column":34},"end":{"line":70,"column":49}},"locations":[{"start":{"line":70,"column":34},"end":{"line":70,"column":49}}]},"15":{"type":"branch","line":73,"loc":{"start":{"line":73,"column":16},"end":{"line":77,"column":18}},"locations":[{"start":{"line":73,"column":16},"end":{"line":77,"column":18}}]},"16":{"type":"branch","line":87,"loc":{"start":{"line":87,"column":6},"end":{"line":113,"column":7}},"locations":[{"start":{"line":87,"column":6},"end":{"line":113,"column":7}}]},"17":{"type":"branch","line":117,"loc":{"start":{"line":117,"column":2},"end":{"line":119,"column":3}},"locations":[{"start":{"line":117,"column":2},"end":{"line":119,"column":3}}]},"18":{"type":"branch","line":121,"loc":{"start":{"line":121,"column":2},"end":{"line":123,"column":3}},"locations":[{"start":{"line":121,"column":2},"end":{"line":123,"column":3}}]},"19":{"type":"branch","line":125,"loc":{"start":{"line":125,"column":10},"end":{"line":150,"column":3}},"locations":[{"start":{"line":125,"column":10},"end":{"line":150,"column":3}}]},"20":{"type":"branch","line":131,"loc":{"start":{"line":131,"column":11},"end":{"line":148,"column":8}},"locations":[{"start":{"line":131,"column":11},"end":{"line":148,"column":8}}]},"21":{"type":"branch","line":134,"loc":{"start":{"line":134,"column":29},"end":{"line":134,"column":86}},"locations":[{"start":{"line":134,"column":29},"end":{"line":134,"column":86}}]},"22":{"type":"branch","line":134,"loc":{"start":{"line":134,"column":86},"end":{"line":143,"column":9}},"locations":[{"start":{"line":134,"column":86},"end":{"line":143,"column":9}}]},"23":{"type":"branch","line":143,"loc":{"start":{"line":143,"column":8},"end":{"line":144,"column":57}},"locations":[{"start":{"line":143,"column":8},"end":{"line":144,"column":57}}]},"24":{"type":"branch","line":144,"loc":{"start":{"line":144,"column":57},"end":{"line":146,"column":9}},"locations":[{"start":{"line":144,"column":57},"end":{"line":146,"column":9}}]},"25":{"type":"branch","line":146,"loc":{"start":{"line":146,"column":8},"end":{"line":147,"column":21}},"locations":[{"start":{"line":146,"column":8},"end":{"line":147,"column":21}}]},"26":{"type":"branch","line":135,"loc":{"start":{"line":135,"column":17},"end":{"line":142,"column":12}},"locations":[{"start":{"line":135,"column":17},"end":{"line":142,"column":12}}]},"27":{"type":"branch","line":152,"loc":{"start":{"line":152,"column":10},"end":{"line":184,"column":3}},"locations":[{"start":{"line":152,"column":10},"end":{"line":184,"column":3}}]},"28":{"type":"branch","line":159,"loc":{"start":{"line":159,"column":53},"end":{"line":159,"column":67}},"locations":[{"start":{"line":159,"column":53},"end":{"line":159,"column":67}}]},"29":{"type":"branch","line":163,"loc":{"start":{"line":163,"column":33},"end":{"line":165,"column":5}},"locations":[{"start":{"line":163,"column":33},"end":{"line":165,"column":5}}]},"30":{"type":"branch","line":180,"loc":{"start":{"line":180,"column":4},"end":{"line":183,"column":18}},"locations":[{"start":{"line":180,"column":4},"end":{"line":183,"column":18}}]},"31":{"type":"branch","line":169,"loc":{"start":{"line":169,"column":14},"end":{"line":175,"column":9}},"locations":[{"start":{"line":169,"column":14},"end":{"line":175,"column":9}}]},"32":{"type":"branch","line":170,"loc":{"start":{"line":170,"column":39},"end":{"line":172,"column":9}},"locations":[{"start":{"line":170,"column":39},"end":{"line":172,"column":9}}]},"33":{"type":"branch","line":236,"loc":{"start":{"line":236,"column":10},"end":{"line":269,"column":3}},"locations":[{"start":{"line":236,"column":10},"end":{"line":269,"column":3}}]},"34":{"type":"branch","line":242,"loc":{"start":{"line":242,"column":48},"end":{"line":242,"column":67}},"locations":[{"start":{"line":242,"column":48},"end":{"line":242,"column":67}}]},"35":{"type":"branch","line":243,"loc":{"start":{"line":243,"column":42},"end":{"line":243,"column":61}},"locations":[{"start":{"line":243,"column":42},"end":{"line":243,"column":61}}]},"36":{"type":"branch","line":244,"loc":{"start":{"line":244,"column":46},"end":{"line":244,"column":69}},"locations":[{"start":{"line":244,"column":46},"end":{"line":244,"column":69}}]},"37":{"type":"branch","line":246,"loc":{"start":{"line":246,"column":23},"end":{"line":246,"column":71}},"locations":[{"start":{"line":246,"column":23},"end":{"line":246,"column":71}}]},"38":{"type":"branch","line":251,"loc":{"start":{"line":251,"column":24},"end":{"line":251,"column":50}},"locations":[{"start":{"line":251,"column":24},"end":{"line":251,"column":50}}]},"39":{"type":"branch","line":251,"loc":{"start":{"line":251,"column":41},"end":{"line":251,"column":60}},"locations":[{"start":{"line":251,"column":41},"end":{"line":251,"column":60}}]},"40":{"type":"branch","line":301,"loc":{"start":{"line":301,"column":10},"end":{"line":324,"column":3}},"locations":[{"start":{"line":301,"column":10},"end":{"line":324,"column":3}}]},"41":{"type":"branch","line":307,"loc":{"start":{"line":307,"column":70},"end":{"line":309,"column":5}},"locations":[{"start":{"line":307,"column":70},"end":{"line":309,"column":5}}]},"42":{"type":"branch","line":311,"loc":{"start":{"line":311,"column":37},"end":{"line":313,"column":5}},"locations":[{"start":{"line":311,"column":37},"end":{"line":313,"column":5}}]},"43":{"type":"branch","line":314,"loc":{"start":{"line":314,"column":39},"end":{"line":316,"column":5}},"locations":[{"start":{"line":314,"column":39},"end":{"line":316,"column":5}}]},"44":{"type":"branch","line":317,"loc":{"start":{"line":317,"column":36},"end":{"line":319,"column":5}},"locations":[{"start":{"line":317,"column":36},"end":{"line":319,"column":5}}]},"45":{"type":"branch","line":320,"loc":{"start":{"line":320,"column":41},"end":{"line":322,"column":5}},"locations":[{"start":{"line":320,"column":41},"end":{"line":322,"column":5}}]},"46":{"type":"branch","line":326,"loc":{"start":{"line":326,"column":10},"end":{"line":379,"column":3}},"locations":[{"start":{"line":326,"column":10},"end":{"line":379,"column":3}}]},"47":{"type":"branch","line":349,"loc":{"start":{"line":349,"column":28},"end":{"line":349,"column":43}},"locations":[{"start":{"line":349,"column":28},"end":{"line":349,"column":43}}]},"48":{"type":"branch","line":355,"loc":{"start":{"line":355,"column":54},"end":{"line":355,"column":64}},"locations":[{"start":{"line":355,"column":54},"end":{"line":355,"column":64}}]},"49":{"type":"branch","line":361,"loc":{"start":{"line":361,"column":51},"end":{"line":361,"column":61}},"locations":[{"start":{"line":361,"column":51},"end":{"line":361,"column":61}}]},"50":{"type":"branch","line":382,"loc":{"start":{"line":382,"column":0},"end":{"line":394,"column":1}},"locations":[{"start":{"line":382,"column":0},"end":{"line":394,"column":1}}]},"51":{"type":"branch","line":386,"loc":{"start":{"line":386,"column":34},"end":{"line":388,"column":3}},"locations":[{"start":{"line":386,"column":34},"end":{"line":388,"column":3}}]},"52":{"type":"branch","line":388,"loc":{"start":{"line":388,"column":2},"end":{"line":394,"column":1}},"locations":[{"start":{"line":388,"column":2},"end":{"line":394,"column":1}}]},"53":{"type":"branch","line":389,"loc":{"start":{"line":389,"column":16},"end":{"line":391,"column":4}},"locations":[{"start":{"line":389,"column":16},"end":{"line":391,"column":4}}]},"54":{"type":"branch","line":403,"loc":{"start":{"line":403,"column":0},"end":{"line":409,"column":1}},"locations":[{"start":{"line":403,"column":0},"end":{"line":409,"column":1}}]},"55":{"type":"branch","line":405,"loc":{"start":{"line":405,"column":95},"end":{"line":407,"column":3}},"locations":[{"start":{"line":405,"column":95},"end":{"line":407,"column":3}}]},"56":{"type":"branch","line":411,"loc":{"start":{"line":411,"column":0},"end":{"line":416,"column":1}},"locations":[{"start":{"line":411,"column":0},"end":{"line":416,"column":1}}]},"57":{"type":"branch","line":412,"loc":{"start":{"line":412,"column":57},"end":{"line":414,"column":3}},"locations":[{"start":{"line":412,"column":57},"end":{"line":414,"column":3}}]},"58":{"type":"branch","line":418,"loc":{"start":{"line":418,"column":0},"end":{"line":430,"column":1}},"locations":[{"start":{"line":418,"column":0},"end":{"line":430,"column":1}}]},"59":{"type":"branch","line":422,"loc":{"start":{"line":422,"column":17},"end":{"line":422,"column":34}},"locations":[{"start":{"line":422,"column":17},"end":{"line":422,"column":34}}]},"60":{"type":"branch","line":422,"loc":{"start":{"line":422,"column":23},"end":{"line":422,"column":83}},"locations":[{"start":{"line":422,"column":23},"end":{"line":422,"column":83}}]},"61":{"type":"branch","line":422,"loc":{"start":{"line":422,"column":51},"end":{"line":422,"column":76}},"locations":[{"start":{"line":422,"column":51},"end":{"line":422,"column":76}}]},"62":{"type":"branch","line":423,"loc":{"start":{"line":423,"column":42},"end":{"line":423,"column":102}},"locations":[{"start":{"line":423,"column":42},"end":{"line":423,"column":102}}]},"63":{"type":"branch","line":428,"loc":{"start":{"line":428,"column":38},"end":{"line":428,"column":64}},"locations":[{"start":{"line":428,"column":38},"end":{"line":428,"column":64}}]},"64":{"type":"branch","line":428,"loc":{"start":{"line":428,"column":59},"end":{"line":428,"column":75}},"locations":[{"start":{"line":428,"column":59},"end":{"line":428,"column":75}}]},"65":{"type":"branch","line":432,"loc":{"start":{"line":432,"column":0},"end":{"line":447,"column":1}},"locations":[{"start":{"line":432,"column":0},"end":{"line":447,"column":1}}]},"66":{"type":"branch","line":433,"loc":{"start":{"line":433,"column":13},"end":{"line":433,"column":28}},"locations":[{"start":{"line":433,"column":13},"end":{"line":433,"column":28}}]},"67":{"type":"branch","line":433,"loc":{"start":{"line":433,"column":38},"end":{"line":436,"column":12}},"locations":[{"start":{"line":433,"column":38},"end":{"line":436,"column":12}}]},"68":{"type":"branch","line":436,"loc":{"start":{"line":436,"column":6},"end":{"line":436,"column":28}},"locations":[{"start":{"line":436,"column":6},"end":{"line":436,"column":28}}]},"69":{"type":"branch","line":436,"loc":{"start":{"line":436,"column":45},"end":{"line":438,"column":3}},"locations":[{"start":{"line":436,"column":45},"end":{"line":438,"column":3}}]},"70":{"type":"branch","line":438,"loc":{"start":{"line":438,"column":2},"end":{"line":439,"column":32}},"locations":[{"start":{"line":438,"column":2},"end":{"line":439,"column":32}}]},"71":{"type":"branch","line":439,"loc":{"start":{"line":439,"column":32},"end":{"line":445,"column":3}},"locations":[{"start":{"line":439,"column":32},"end":{"line":445,"column":3}}]},"72":{"type":"branch","line":445,"loc":{"start":{"line":445,"column":2},"end":{"line":447,"column":1}},"locations":[{"start":{"line":445,"column":2},"end":{"line":447,"column":1}}]},"73":{"type":"branch","line":449,"loc":{"start":{"line":449,"column":0},"end":{"line":455,"column":1}},"locations":[{"start":{"line":449,"column":0},"end":{"line":455,"column":1}}]},"74":{"type":"branch","line":452,"loc":{"start":{"line":452,"column":2},"end":{"line":454,"column":3}},"locations":[{"start":{"line":452,"column":2},"end":{"line":454,"column":3}}]},"75":{"type":"branch","line":457,"loc":{"start":{"line":457,"column":0},"end":{"line":459,"column":1}},"locations":[{"start":{"line":457,"column":0},"end":{"line":459,"column":1}}]},"76":{"type":"branch","line":461,"loc":{"start":{"line":461,"column":0},"end":{"line":463,"column":1}},"locations":[{"start":{"line":461,"column":0},"end":{"line":463,"column":1}}]},"77":{"type":"branch","line":465,"loc":{"start":{"line":465,"column":0},"end":{"line":467,"column":1}},"locations":[{"start":{"line":465,"column":0},"end":{"line":467,"column":1}}]},"78":{"type":"branch","line":469,"loc":{"start":{"line":469,"column":0},"end":{"line":471,"column":1}},"locations":[{"start":{"line":469,"column":0},"end":{"line":471,"column":1}}]},"79":{"type":"branch","line":473,"loc":{"start":{"line":473,"column":0},"end":{"line":495,"column":1}},"locations":[{"start":{"line":473,"column":0},"end":{"line":495,"column":1}}]},"80":{"type":"branch","line":474,"loc":{"start":{"line":474,"column":30},"end":{"line":476,"column":3}},"locations":[{"start":{"line":474,"column":30},"end":{"line":476,"column":3}}]},"81":{"type":"branch","line":479,"loc":{"start":{"line":479,"column":25},"end":{"line":479,"column":40}},"locations":[{"start":{"line":479,"column":25},"end":{"line":479,"column":40}}]},"82":{"type":"branch","line":483,"loc":{"start":{"line":483,"column":4},"end":{"line":492,"column":5}},"locations":[{"start":{"line":483,"column":4},"end":{"line":492,"column":5}}]},"83":{"type":"branch","line":497,"loc":{"start":{"line":497,"column":0},"end":{"line":506,"column":1}},"locations":[{"start":{"line":497,"column":0},"end":{"line":506,"column":1}}]},"84":{"type":"branch","line":501,"loc":{"start":{"line":501,"column":2},"end":{"line":506,"column":1}},"locations":[{"start":{"line":501,"column":2},"end":{"line":506,"column":1}}]},"85":{"type":"branch","line":522,"loc":{"start":{"line":522,"column":0},"end":{"line":527,"column":1}},"locations":[{"start":{"line":522,"column":0},"end":{"line":527,"column":1}}]},"86":{"type":"branch","line":523,"loc":{"start":{"line":523,"column":35},"end":{"line":525,"column":3}},"locations":[{"start":{"line":523,"column":35},"end":{"line":525,"column":3}}]},"87":{"type":"branch","line":526,"loc":{"start":{"line":526,"column":32},"end":{"line":526,"column":54}},"locations":[{"start":{"line":526,"column":32},"end":{"line":526,"column":54}}]},"88":{"type":"branch","line":550,"loc":{"start":{"line":550,"column":0},"end":{"line":552,"column":1}},"locations":[{"start":{"line":550,"column":0},"end":{"line":552,"column":1}}]},"89":{"type":"branch","line":567,"loc":{"start":{"line":567,"column":0},"end":{"line":572,"column":1}},"locations":[{"start":{"line":567,"column":0},"end":{"line":572,"column":1}}]},"90":{"type":"branch","line":570,"loc":{"start":{"line":570,"column":2},"end":{"line":572,"column":1}},"locations":[{"start":{"line":570,"column":2},"end":{"line":572,"column":1}}]}},"b":{"0":[3],"1":[3],"2":[0],"3":[0],"4":[0],"5":[2],"6":[2],"7":[1],"8":[2],"9":[0],"10":[2],"11":[1],"12":[1],"13":[0],"14":[0],"15":[0],"16":[0],"17":[2],"18":[3],"19":[3],"20":[3],"21":[1],"22":[1],"23":[2],"24":[2],"25":[0],"26":[1],"27":[1],"28":[0],"29":[0],"30":[0],"31":[1],"32":[0],"33":[1],"34":[0],"35":[0],"36":[0],"37":[0],"38":[0],"39":[0],"40":[3],"41":[0],"42":[1],"43":[1],"44":[1],"45":[0],"46":[3],"47":[2],"48":[0],"49":[0],"50":[3],"51":[2],"52":[1],"53":[1],"54":[2],"55":[0],"56":[2],"57":[0],"58":[2],"59":[1],"60":[1],"61":[0],"62":[0],"63":[1],"64":[1],"65":[2],"66":[1],"67":[1],"68":[0],"69":[0],"70":[1],"71":[0],"72":[1],"73":[2],"74":[0],"75":[1],"76":[2],"77":[1],"78":[2],"79":[1],"80":[0],"81":[0],"82":[0],"83":[1],"84":[0],"85":[1],"86":[0],"87":[0],"88":[3],"89":[11],"90":[0]},"fnMap":{"0":{"name":"<instance_members_initializer>","decl":{"start":{"line":15,"column":19},"end":{"line":19,"column":48}},"loc":{"start":{"line":15,"column":19},"end":{"line":19,"column":48}},"line":15},"1":{"name":"OlliveLogs","decl":{"start":{"line":21,"column":2},"end":{"line":36,"column":3}},"loc":{"start":{"line":21,"column":2},"end":{"line":36,"column":3}},"line":21},"2":{"name":"get droppedEvents","decl":{"start":{"line":38,"column":2},"end":{"line":40,"column":3}},"loc":{"start":{"line":38,"column":2},"end":{"line":40,"column":3}},"line":38},"3":{"name":"wrap","decl":{"start":{"line":42,"column":2},"end":{"line":44,"column":3}},"loc":{"start":{"line":42,"column":2},"end":{"line":44,"column":3}},"line":42},"4":{"name":"wrapFetch","decl":{"start":{"line":46,"column":2},"end":{"line":115,"column":3}},"loc":{"start":{"line":46,"column":2},"end":{"line":115,"column":3}},"line":46},"5":{"name":"flush","decl":{"start":{"line":117,"column":2},"end":{"line":119,"column":3}},"loc":{"start":{"line":117,"column":2},"end":{"line":119,"column":3}},"line":117},"6":{"name":"close","decl":{"start":{"line":121,"column":2},"end":{"line":123,"column":3}},"loc":{"start":{"line":121,"column":2},"end":{"line":123,"column":3}},"line":121},"7":{"name":"wrapObject","decl":{"start":{"line":125,"column":10},"end":{"line":150,"column":3}},"loc":{"start":{"line":125,"column":10},"end":{"line":150,"column":3}},"line":125},"8":{"name":"get","decl":{"start":{"line":131,"column":11},"end":{"line":148,"column":8}},"loc":{"start":{"line":131,"column":11},"end":{"line":148,"column":8}},"line":131},"9":{"name":"recordOpenAICall","decl":{"start":{"line":152,"column":10},"end":{"line":184,"column":3}},"loc":{"start":{"line":152,"column":10},"end":{"line":184,"column":3}},"line":152},"10":{"name":"wrapOpenAIStream","decl":{"start":{"line":186,"column":2},"end":{"line":234,"column":3}},"loc":{"start":{"line":186,"column":2},"end":{"line":234,"column":3}},"line":186},"11":{"name":"enqueueOpenAIResult","decl":{"start":{"line":236,"column":10},"end":{"line":269,"column":3}},"loc":{"start":{"line":236,"column":10},"end":{"line":269,"column":3}},"line":236},"12":{"name":"enqueueOpenAIError","decl":{"start":{"line":271,"column":10},"end":{"line":299,"column":3}},"loc":{"start":{"line":271,"column":10},"end":{"line":299,"column":3}},"line":271},"13":{"name":"resolveContext","decl":{"start":{"line":301,"column":10},"end":{"line":324,"column":3}},"loc":{"start":{"line":301,"column":10},"end":{"line":324,"column":3}},"line":301},"14":{"name":"buildEvent","decl":{"start":{"line":326,"column":10},"end":{"line":379,"column":3}},"loc":{"start":{"line":326,"column":10},"end":{"line":379,"column":3}},"line":326},"15":{"name":"registerUnloadHandlers","decl":{"start":{"line":382,"column":0},"end":{"line":394,"column":1}},"loc":{"start":{"line":382,"column":0},"end":{"line":394,"column":1}},"line":382},"16":{"name":"flush","decl":{"start":{"line":389,"column":16},"end":{"line":391,"column":4}},"loc":{"start":{"line":389,"column":16},"end":{"line":391,"column":4}},"line":389},"17":{"name":"resolveFetch","decl":{"start":{"line":396,"column":0},"end":{"line":401,"column":1}},"loc":{"start":{"line":396,"column":0},"end":{"line":401,"column":1}},"line":396},"18":{"name":"resolveSendBeacon","decl":{"start":{"line":403,"column":0},"end":{"line":409,"column":1}},"loc":{"start":{"line":403,"column":0},"end":{"line":409,"column":1}},"line":403},"19":{"name":"resolveUnloadTarget","decl":{"start":{"line":411,"column":0},"end":{"line":416,"column":1}},"loc":{"start":{"line":411,"column":0},"end":{"line":416,"column":1}},"line":411},"20":{"name":"buildFetchRequest","decl":{"start":{"line":418,"column":0},"end":{"line":430,"column":1}},"loc":{"start":{"line":418,"column":0},"end":{"line":430,"column":1}},"line":418},"21":{"name":"safeRequestBody","decl":{"start":{"line":432,"column":0},"end":{"line":447,"column":1}},"loc":{"start":{"line":432,"column":0},"end":{"line":447,"column":1}},"line":432},"22":{"name":"safeResponseText","decl":{"start":{"line":449,"column":0},"end":{"line":455,"column":1}},"loc":{"start":{"line":449,"column":0},"end":{"line":455,"column":1}},"line":449},"23":{"name":"isPromiseLike","decl":{"start":{"line":457,"column":0},"end":{"line":459,"column":1}},"loc":{"start":{"line":457,"column":0},"end":{"line":459,"column":1}},"line":457},"24":{"name":"isAsyncIterable","decl":{"start":{"line":461,"column":0},"end":{"line":463,"column":1}},"loc":{"start":{"line":461,"column":0},"end":{"line":463,"column":1}},"line":461},"25":{"name":"isOpenAIRequest","decl":{"start":{"line":465,"column":0},"end":{"line":467,"column":1}},"loc":{"start":{"line":465,"column":0},"end":{"line":467,"column":1}},"line":465},"26":{"name":"isOpenAIResponse","decl":{"start":{"line":469,"column":0},"end":{"line":471,"column":1}},"loc":{"start":{"line":469,"column":0},"end":{"line":471,"column":1}},"line":469},"27":{"name":"extractMessagesPreview","decl":{"start":{"line":473,"column":0},"end":{"line":495,"column":1}},"loc":{"start":{"line":473,"column":0},"end":{"line":495,"column":1}},"line":473},"28":{"name":"extractResponseText","decl":{"start":{"line":497,"column":0},"end":{"line":506,"column":1}},"loc":{"start":{"line":497,"column":0},"end":{"line":506,"column":1}},"line":497},"29":{"name":"extractStreamDelta","decl":{"start":{"line":508,"column":0},"end":{"line":520,"column":1}},"loc":{"start":{"line":508,"column":0},"end":{"line":520,"column":1}},"line":508},"30":{"name":"extractFinishReason","decl":{"start":{"line":522,"column":0},"end":{"line":527,"column":1}},"loc":{"start":{"line":522,"column":0},"end":{"line":527,"column":1}},"line":522},"31":{"name":"extractPromptTokens","decl":{"start":{"line":529,"column":0},"end":{"line":534,"column":1}},"loc":{"start":{"line":529,"column":0},"end":{"line":534,"column":1}},"line":529},"32":{"name":"extractCompletionTokens","decl":{"start":{"line":536,"column":0},"end":{"line":541,"column":1}},"loc":{"start":{"line":536,"column":0},"end":{"line":541,"column":1}},"line":536},"33":{"name":"extractTotalTokens","decl":{"start":{"line":543,"column":0},"end":{"line":548,"column":1}},"loc":{"start":{"line":543,"column":0},"end":{"line":548,"column":1}},"line":543},"34":{"name":"elapsedMs","decl":{"start":{"line":550,"column":0},"end":{"line":552,"column":1}},"loc":{"start":{"line":550,"column":0},"end":{"line":552,"column":1}},"line":550},"35":{"name":"normalizeError","decl":{"start":{"line":554,"column":0},"end":{"line":565,"column":1}},"loc":{"start":{"line":554,"column":0},"end":{"line":565,"column":1}},"line":554},"36":{"name":"truncate","decl":{"start":{"line":567,"column":0},"end":{"line":572,"column":1}},"loc":{"start":{"line":567,"column":0},"end":{"line":572,"column":1}},"line":567}},"f":{"0":3,"1":3,"2":0,"3":1,"4":2,"5":2,"6":3,"7":3,"8":3,"9":1,"10":0,"11":1,"12":0,"13":3,"14":3,"15":3,"16":1,"17":0,"18":2,"19":2,"20":2,"21":2,"22":2,"23":1,"24":2,"25":1,"26":2,"27":1,"28":1,"29":0,"30":1,"31":0,"32":0,"33":0,"34":3,"35":0,"36":11}}
,"C:\\Users\\kumar\\Downloads\\XOXO\\FullStackAssignment\\packages\\ollivelogs-js\\src\\index.ts": {"path":"C:\\Users\\kumar\\Downloads\\XOXO\\FullStackAssignment\\packages\\ollivelogs-js\\src\\index.ts","all":false,"statementMap":{"0":{"start":{"line":1,"column":0},"end":{"line":1,"column":38}}},"s":{"0":1},"branchMap":{},"b":{},"fnMap":{},"f":{}}
,"C:\\Users\\kumar\\Downloads\\XOXO\\FullStackAssignment\\packages\\ollivelogs-js\\src\\shipper.ts": {"path":"C:\\Users\\kumar\\Downloads\\XOXO\\FullStackAssignment\\packages\\ollivelogs-js\\src\\shipper.ts","all":false,"statementMap":{"12":{"start":{"line":13,"column":0},"end":{"line":13,"column":34}},"13":{"start":{"line":14,"column":0},"end":{"line":14,"column":36}},"14":{"start":{"line":15,"column":0},"end":{"line":15,"column":37}},"15":{"start":{"line":16,"column":0},"end":{"line":16,"column":36}},"16":{"start":{"line":17,"column":0},"end":{"line":17,"column":38}},"17":{"start":{"line":18,"column":0},"end":{"line":18,"column":40}},"18":{"start":{"line":19,"column":0},"end":{"line":19,"column":58}},"19":{"start":{"line":20,"column":0},"end":{"line":20,"column":57}},"20":{"start":{"line":21,"column":0},"end":{"line":21,"column":48}},"21":{"start":{"line":22,"column":0},"end":{"line":22,"column":22}},"22":{"start":{"line":23,"column":0},"end":{"line":23,"column":48}},"24":{"start":{"line":25,"column":0},"end":{"line":25,"column":52}},"25":{"start":{"line":26,"column":0},"end":{"line":26,"column":37}},"26":{"start":{"line":27,"column":0},"end":{"line":27,"column":39}},"27":{"start":{"line":28,"column":0},"end":{"line":28,"column":37}},"28":{"start":{"line":29,"column":0},"end":{"line":29,"column":41}},"29":{"start":{"line":30,"column":0},"end":{"line":30,"column":39}},"30":{"start":{"line":31,"column":0},"end":{"line":31,"column":41}},"31":{"start":{"line":32,"column":0},"end":{"line":32,"column":36}},"32":{"start":{"line":33,"column":0},"end":{"line":33,"column":24}},"33":{"start":{"line":34,"column":0},"end":{"line":34,"column":32}},"34":{"start":{"line":35,"column":0},"end":{"line":35,"column":3}},"36":{"start":{"line":37,"column":0},"end":{"line":37,"column":31}},"37":{"start":{"line":38,"column":0},"end":{"line":38,"column":24}},"38":{"start":{"line":39,"column":0},"end":{"line":39,"column":3}},"40":{"start":{"line":41,"column":0},"end":{"line":41,"column":40}},"41":{"start":{"line":42,"column":0},"end":{"line":42,"column":45}},"42":{"start":{"line":43,"column":0},"end":{"line":43,"column":25}},"43":{"start":{"line":44,"column":0},"end":{"line":44,"column":24}},"44":{"start":{"line":45,"column":0},"end":{"line":45,"column":5}},"45":{"start":{"line":46,"column":0},"end":{"line":46,"column":27}},"46":{"start":{"line":47,"column":0},"end":{"line":47,"column":46}},"47":{"start":{"line":48,"column":0},"end":{"line":48,"column":24}},"48":{"start":{"line":49,"column":0},"end":{"line":49,"column":5}},"49":{"start":{"line":50,"column":0},"end":{"line":50,"column":3}},"51":{"start":{"line":52,"column":0},"end":{"line":52,"column":32}},"52":{"start":{"line":53,"column":0},"end":{"line":53,"column":33}},"53":{"start":{"line":54,"column":0},"end":{"line":54,"column":26}},"54":{"start":{"line":55,"column":0},"end":{"line":55,"column":13}},"55":{"start":{"line":56,"column":0},"end":{"line":56,"column":5}},"57":{"start":{"line":58,"column":0},"end":{"line":58,"column":40}},"58":{"start":{"line":59,"column":0},"end":{"line":59,"column":9}},"59":{"start":{"line":60,"column":0},"end":{"line":60,"column":26}},"60":{"start":{"line":61,"column":0},"end":{"line":61,"column":15}},"61":{"start":{"line":62,"column":0},"end":{"line":62,"column":27}},"62":{"start":{"line":63,"column":0},"end":{"line":63,"column":5}},"63":{"start":{"line":64,"column":0},"end":{"line":64,"column":3}},"65":{"start":{"line":66,"column":0},"end":{"line":66,"column":32}},"66":{"start":{"line":67,"column":0},"end":{"line":67,"column":30}},"67":{"start":{"line":68,"column":0},"end":{"line":68,"column":23}},"68":{"start":{"line":69,"column":0},"end":{"line":69,"column":3}},"70":{"start":{"line":71,"column":0},"end":{"line":71,"column":30}},"71":{"start":{"line":72,"column":0},"end":{"line":72,"column":67}},"72":{"start":{"line":73,"column":0},"end":{"line":73,"column":19}},"73":{"start":{"line":74,"column":0},"end":{"line":74,"column":5}},"74":{"start":{"line":75,"column":0},"end":{"line":75,"column":58}},"75":{"start":{"line":76,"column":0},"end":{"line":76,"column":54}},"76":{"start":{"line":77,"column":0},"end":{"line":77,"column":61}},"77":{"start":{"line":78,"column":0},"end":{"line":78,"column":20}},"78":{"start":{"line":79,"column":0},"end":{"line":79,"column":35}},"79":{"start":{"line":80,"column":0},"end":{"line":80,"column":5}},"80":{"start":{"line":81,"column":0},"end":{"line":81,"column":20}},"81":{"start":{"line":82,"column":0},"end":{"line":82,"column":3}},"83":{"start":{"line":84,"column":0},"end":{"line":84,"column":47}},"84":{"start":{"line":85,"column":0},"end":{"line":85,"column":35}},"85":{"start":{"line":86,"column":0},"end":{"line":86,"column":57}},"86":{"start":{"line":87,"column":0},"end":{"line":87,"column":61}},"87":{"start":{"line":88,"column":0},"end":{"line":88,"column":23}},"88":{"start":{"line":89,"column":0},"end":{"line":89,"column":37}},"89":{"start":{"line":90,"column":0},"end":{"line":90,"column":7}},"90":{"start":{"line":91,"column":0},"end":{"line":91,"column":5}},"91":{"start":{"line":92,"column":0},"end":{"line":92,"column":3}},"93":{"start":{"line":94,"column":0},"end":{"line":94,"column":79}},"94":{"start":{"line":95,"column":0},"end":{"line":95,"column":69}},"95":{"start":{"line":96,"column":0},"end":{"line":96,"column":11}},"96":{"start":{"line":97,"column":0},"end":{"line":97,"column":62}},"97":{"start":{"line":98,"column":0},"end":{"line":98,"column":25}},"98":{"start":{"line":99,"column":0},"end":{"line":99,"column":20}},"99":{"start":{"line":100,"column":0},"end":{"line":100,"column":47}},"100":{"start":{"line":101,"column":0},"end":{"line":101,"column":12}},"101":{"start":{"line":102,"column":0},"end":{"line":102,"column":50}},"102":{"start":{"line":103,"column":0},"end":{"line":103,"column":11}},"103":{"start":{"line":104,"column":0},"end":{"line":104,"column":26}},"104":{"start":{"line":105,"column":0},"end":{"line":105,"column":22}},"105":{"start":{"line":106,"column":0},"end":{"line":106,"column":9}},"106":{"start":{"line":107,"column":0},"end":{"line":107,"column":15}},"108":{"start":{"line":109,"column":0},"end":{"line":109,"column":7}},"110":{"start":{"line":111,"column":0},"end":{"line":111,"column":40}},"111":{"start":{"line":112,"column":0},"end":{"line":112,"column":21}},"112":{"start":{"line":113,"column":0},"end":{"line":113,"column":7}},"113":{"start":{"line":114,"column":0},"end":{"line":114,"column":38}},"114":{"start":{"line":115,"column":0},"end":{"line":115,"column":5}},"115":{"start":{"line":116,"column":0},"end":{"line":116,"column":17}},"116":{"start":{"line":117,"column":0},"end":{"line":117,"column":3}},"117":{"start":{"line":118,"column":0},"end":{"line":118,"column":1}},"119":{"start":{"line":120,"column":0},"end":{"line":120,"column":46}},"120":{"start":{"line":121,"column":0},"end":{"line":121,"column":44}},"121":{"start":{"line":122,"column":0},"end":{"line":122,"column":1}},"123":{"start":{"line":124,"column":0},"end":{"line":124,"column":47}},"124":{"start":{"line":125,"column":0},"end":{"line":125,"column":35}},"125":{"start":{"line":126,"column":0},"end":{"line":126,"column":33}},"126":{"start":{"line":127,"column":0},"end":{"line":127,"column":5}},"127":{"start":{"line":128,"column":0},"end":{"line":128,"column":1}}},"s":{"12":1,"13":1,"14":3,"15":3,"16":3,"17":3,"18":3,"19":3,"20":3,"21":3,"22":3,"24":1,"25":3,"26":3,"27":3,"28":3,"29":3,"30":3,"31":3,"32":0,"33":3,"34":3,"36":1,"37":0,"38":0,"40":1,"41":3,"42":0,"43":0,"44":0,"45":3,"46":3,"47":2,"48":2,"49":3,"51":1,"52":7,"53":2,"54":2,"55":2,"57":5,"58":5,"59":5,"60":5,"61":5,"62":5,"63":7,"65":1,"66":3,"67":3,"68":3,"70":1,"71":1,"72":0,"73":0,"74":1,"75":1,"76":1,"77":1,"78":0,"79":0,"80":1,"81":1,"83":1,"84":5,"85":2,"86":2,"87":2,"88":0,"89":0,"90":2,"91":5,"93":1,"94":2,"95":2,"96":2,"97":2,"98":2,"99":2,"100":2,"101":2,"102":2,"103":2,"104":2,"105":2,"106":2,"108":0,"110":0,"111":0,"112":0,"113":0,"114":0,"115":0,"116":2,"117":1,"119":0,"120":0,"121":0,"123":0,"124":0,"125":0,"126":0,"127":0},"branchMap":{"0":{"type":"branch","line":14,"loc":{"start":{"line":14,"column":19},"end":{"line":23,"column":48}},"locations":[{"start":{"line":14,"column":19},"end":{"line":23,"column":48}}]},"1":{"type":"branch","line":25,"loc":{"start":{"line":25,"column":2},"end":{"line":35,"column":3}},"locations":[{"start":{"line":25,"column":2},"end":{"line":35,"column":3}}]},"2":{"type":"branch","line":41,"loc":{"start":{"line":41,"column":2},"end":{"line":50,"column":3}},"locations":[{"start":{"line":41,"column":2},"end":{"line":50,"column":3}}]},"3":{"type":"branch","line":42,"loc":{"start":{"line":42,"column":44},"end":{"line":45,"column":5}},"locations":[{"start":{"line":42,"column":44},"end":{"line":45,"column":5}}]},"4":{"type":"branch","line":47,"loc":{"start":{"line":47,"column":45},"end":{"line":49,"column":5}},"locations":[{"start":{"line":47,"column":45},"end":{"line":49,"column":5}}]},"5":{"type":"branch","line":52,"loc":{"start":{"line":52,"column":2},"end":{"line":64,"column":3}},"locations":[{"start":{"line":52,"column":2},"end":{"line":64,"column":3}}]},"6":{"type":"branch","line":53,"loc":{"start":{"line":53,"column":32},"end":{"line":56,"column":5}},"locations":[{"start":{"line":53,"column":32},"end":{"line":56,"column":5}}]},"7":{"type":"branch","line":56,"loc":{"start":{"line":56,"column":4},"end":{"line":63,"column":5}},"locations":[{"start":{"line":56,"column":4},"end":{"line":63,"column":5}}]},"8":{"type":"branch","line":66,"loc":{"start":{"line":66,"column":2},"end":{"line":69,"column":3}},"locations":[{"start":{"line":66,"column":2},"end":{"line":69,"column":3}}]},"9":{"type":"branch","line":71,"loc":{"start":{"line":71,"column":2},"end":{"line":82,"column":3}},"locations":[{"start":{"line":71,"column":2},"end":{"line":82,"column":3}}]},"10":{"type":"branch","line":72,"loc":{"start":{"line":72,"column":66},"end":{"line":74,"column":5}},"locations":[{"start":{"line":72,"column":66},"end":{"line":74,"column":5}}]},"11":{"type":"branch","line":78,"loc":{"start":{"line":78,"column":19},"end":{"line":80,"column":5}},"locations":[{"start":{"line":78,"column":19},"end":{"line":80,"column":5}}]},"12":{"type":"branch","line":84,"loc":{"start":{"line":84,"column":2},"end":{"line":92,"column":3}},"locations":[{"start":{"line":84,"column":2},"end":{"line":92,"column":3}}]},"13":{"type":"branch","line":85,"loc":{"start":{"line":85,"column":34},"end":{"line":91,"column":5}},"locations":[{"start":{"line":85,"column":34},"end":{"line":91,"column":5}}]},"14":{"type":"branch","line":88,"loc":{"start":{"line":88,"column":22},"end":{"line":90,"column":7}},"locations":[{"start":{"line":88,"column":22},"end":{"line":90,"column":7}}]},"15":{"type":"branch","line":94,"loc":{"start":{"line":94,"column":2},"end":{"line":117,"column":3}},"locations":[{"start":{"line":94,"column":2},"end":{"line":117,"column":3}}]},"16":{"type":"branch","line":107,"loc":{"start":{"line":107,"column":6},"end":{"line":116,"column":17}},"locations":[{"start":{"line":107,"column":6},"end":{"line":116,"column":17}}]}},"b":{"0":[3],"1":[3],"2":[3],"3":[0],"4":[2],"5":[7],"6":[2],"7":[5],"8":[3],"9":[1],"10":[0],"11":[0],"12":[5],"13":[2],"14":[0],"15":[2],"16":[0]},"fnMap":{"0":{"name":"<instance_members_initializer>","decl":{"start":{"line":14,"column":19},"end":{"line":23,"column":48}},"loc":{"start":{"line":14,"column":19},"end":{"line":23,"column":48}},"line":14},"1":{"name":"BatchedEventShipper","decl":{"start":{"line":25,"column":2},"end":{"line":35,"column":3}},"loc":{"start":{"line":25,"column":2},"end":{"line":35,"column":3}},"line":25},"2":{"name":"get droppedEvents","decl":{"start":{"line":37,"column":2},"end":{"line":39,"column":3}},"loc":{"start":{"line":37,"column":2},"end":{"line":39,"column":3}},"line":37},"3":{"name":"enqueue","decl":{"start":{"line":41,"column":2},"end":{"line":50,"column":3}},"loc":{"start":{"line":41,"column":2},"end":{"line":50,"column":3}},"line":41},"4":{"name":"flush","decl":{"start":{"line":52,"column":2},"end":{"line":64,"column":3}},"loc":{"start":{"line":52,"column":2},"end":{"line":64,"column":3}},"line":52},"5":{"name":"close","decl":{"start":{"line":66,"column":2},"end":{"line":69,"column":3}},"loc":{"start":{"line":66,"column":2},"end":{"line":69,"column":3}},"line":66},"6":{"name":"flushWithBeacon","decl":{"start":{"line":71,"column":2},"end":{"line":82,"column":3}},"loc":{"start":{"line":71,"column":2},"end":{"line":82,"column":3}},"line":71},"7":{"name":"flushBatches","decl":{"start":{"line":84,"column":2},"end":{"line":92,"column":3}},"loc":{"start":{"line":84,"column":2},"end":{"line":92,"column":3}},"line":84},"8":{"name":"sendBatchWithRetry","decl":{"start":{"line":94,"column":2},"end":{"line":117,"column":3}},"loc":{"start":{"line":94,"column":2},"end":{"line":117,"column":3}},"line":94},"9":{"name":"retryDelay","decl":{"start":{"line":120,"column":0},"end":{"line":122,"column":1}},"loc":{"start":{"line":120,"column":0},"end":{"line":122,"column":1}},"line":120},"10":{"name":"wait","decl":{"start":{"line":124,"column":0},"end":{"line":128,"column":1}},"loc":{"start":{"line":124,"column":0},"end":{"line":128,"column":1}},"line":124}},"f":{"0":3,"1":3,"2":0,"3":3,"4":7,"5":3,"6":1,"7":5,"8":2,"9":0,"10":0}}
,"C:\\Users\\kumar\\Downloads\\XOXO\\FullStackAssignment\\packages\\ollivelogs-js\\src\\types.ts": {"path":"C:\\Users\\kumar\\Downloads\\XOXO\\FullStackAssignment\\packages\\ollivelogs-js\\src\\types.ts","all":true,"statementMap":{},"s":{},"branchMap":{"0":{"type":"branch","line":1,"loc":{"start":{"line":1,"column":2642},"end":{"line":119,"column":1}},"locations":[{"start":{"line":1,"column":2642},"end":{"line":119,"column":1}}]}},"b":{"0":[1]},"fnMap":{"0":{"name":"(empty-report)","decl":{"start":{"line":1,"column":2642},"end":{"line":119,"column":1}},"loc":{"start":{"line":1,"column":2642},"end":{"line":119,"column":1}},"line":1}},"f":{"0":1}}
}
